\BOOKMARK [1][-]{Doc-Start}{List of Tables}{}% 1
\BOOKMARK [1][-]{Doc-Start}{List of Figures}{}% 2
\BOOKMARK [1][-]{section.1}{Satellite design planning}{}% 3
\BOOKMARK [1][-]{section.2}{Gantt of the section}{}% 4
\BOOKMARK [1][-]{section.3}{Satellite design}{}% 5
\BOOKMARK [2][-]{subsection.3.1}{Structure and mechanics}{section.3}% 6
\BOOKMARK [3][-]{subsubsection.3.1.1}{Structure}{subsection.3.1}% 7
\BOOKMARK [3][-]{subsubsection.3.1.2}{Deployments}{subsection.3.1}% 8
\BOOKMARK [3][-]{subsubsection.3.1.3}{Thermal protection}{subsection.3.1}% 9
\BOOKMARK [4][-]{section*.2}{}{subsubsection.3.1.3}% 10
\BOOKMARK [3][-]{subsubsection.3.1.4}{Study of the commercial available options}{subsection.3.1}% 11
\BOOKMARK [2][-]{subsection.3.2}{Electrical Power System}{section.3}% 12
\BOOKMARK [3][-]{subsubsection.3.2.1}{Solar arrays}{subsection.3.2}% 13
\BOOKMARK [3][-]{subsubsection.3.2.2}{Batteries}{subsection.3.2}% 14
\BOOKMARK [4][-]{section*.4}{}{subsubsection.3.2.2}% 15
\BOOKMARK [3][-]{subsubsection.3.2.3}{Power management}{subsection.3.2}% 16
\BOOKMARK [3][-]{subsubsection.3.2.4}{Study of the commercial available options}{subsection.3.2}% 17
\BOOKMARK [2][-]{subsection.3.3}{Propulsion Systems}{section.3}% 18
\BOOKMARK [3][-]{subsubsection.3.3.1}{Requirements}{subsection.3.3}% 19
\BOOKMARK [4][-]{section*.5}{}{subsubsection.3.3.1}% 20
\BOOKMARK [4][-]{section*.6}{}{subsubsection.3.3.1}% 21
\BOOKMARK [3][-]{subsubsection.3.3.2}{Orbit decay}{subsection.3.3}% 22
\BOOKMARK [4][-]{section*.7}{}{subsubsection.3.3.2}% 23
\BOOKMARK [4][-]{section*.8}{}{subsubsection.3.3.2}% 24
\BOOKMARK [4][-]{section*.9}{}{subsubsection.3.3.2}% 25
\BOOKMARK [4][-]{section*.10}{}{subsubsection.3.3.2}% 26
\BOOKMARK [2][-]{subsection.3.4}{Communication module}{section.3}% 27
\BOOKMARK [1][-]{section.4}{Antennas}{}% 28
\BOOKMARK [2][-]{section*.11}{}{section.4}% 29
\BOOKMARK [3][-]{section*.12}{}{section*.11}% 30
\BOOKMARK [4][-]{section*.13}{}{section*.12}% 31
\BOOKMARK [4][-]{section*.14}{}{section*.12}% 32
\BOOKMARK [4][-]{section*.15}{}{section*.12}% 33
\BOOKMARK [4][-]{section*.16}{}{section*.12}% 34
\BOOKMARK [4][-]{section*.17}{}{section*.12}% 35
\BOOKMARK [4][-]{section*.18}{}{section*.12}% 36
\BOOKMARK [2][-]{subsection.4.1}{Attitude and Orbital Control Systems}{section.4}% 37
\BOOKMARK [3][-]{section*.19}{}{subsection.4.1}% 38
\BOOKMARK [3][-]{subsubsection.4.1.1}{Attitude Determination}{subsection.4.1}% 39
\BOOKMARK [3][-]{subsubsection.4.1.2}{Attitude Control}{subsection.4.1}% 40
\BOOKMARK [3][-]{subsubsection.4.1.3}{Orbital Control}{subsection.4.1}% 41
\BOOKMARK [3][-]{subsubsection.4.1.4}{Study of the commercial available options}{subsection.4.1}% 42
\BOOKMARK [2][-]{subsection.4.2}{Payload}{section.4}% 43
\BOOKMARK [3][-]{subsubsection.4.2.1}{Communications systems}{subsection.4.2}% 44
\BOOKMARK [4][-]{section*.20}{}{subsubsection.4.2.1}% 45
\BOOKMARK [4][-]{section*.21}{}{subsubsection.4.2.1}% 46
\BOOKMARK [4][-]{subsubsubsection.4.2.1.1}{Data Handling Systems}{subsubsection.4.2.1}% 47
\BOOKMARK [4][-]{subsubsubsection.4.2.1.2}{Antenna}{subsubsection.4.2.1}% 48
\BOOKMARK [3][-]{subsubsection.4.2.2}{Study of the commercial available options}{subsection.4.2}% 49
\BOOKMARK [1][-]{section.5}{References}{}% 50
