\BOOKMARK [0][-]{section*.1}{List of Tables}{}% 1
\BOOKMARK [0][-]{section*.2}{List of Figures}{}% 2
\BOOKMARK [-1][-]{part.1}{I ANNEX V: Satellite design}{}% 3
\BOOKMARK [0][-]{chapter.1}{Satellite design}{part.1}% 4
\BOOKMARK [1][-]{section.1.1}{Structure and thermal protection}{chapter.1}% 5
\BOOKMARK [2][-]{subsection.1.1.1}{Structure}{section.1.1}% 6
\BOOKMARK [2][-]{subsection.1.1.2}{Thermal protection}{section.1.1}% 7
\BOOKMARK [1][-]{section.1.2}{Electrical Power Systems}{chapter.1}% 8
\BOOKMARK [2][-]{subsection.1.2.1}{EPS Scheme}{section.1.2}% 9
\BOOKMARK [2][-]{subsection.1.2.2}{Estimation of the power required}{section.1.2}% 10
\BOOKMARK [2][-]{subsection.1.2.3}{Solar arrays}{section.1.2}% 11
\BOOKMARK [2][-]{subsection.1.2.4}{Power management system}{section.1.2}% 12
\BOOKMARK [2][-]{subsection.1.2.5}{Batteries}{section.1.2}% 13
\BOOKMARK [1][-]{section.1.3}{Propulsion}{chapter.1}% 14
\BOOKMARK [2][-]{subsection.1.3.1}{Requirements}{section.1.3}% 15
\BOOKMARK [2][-]{subsection.1.3.2}{Thrusters}{section.1.3}% 16
\BOOKMARK [2][-]{subsection.1.3.3}{Study of the commercial available options}{section.1.3}% 17
\BOOKMARK [1][-]{section.1.4}{AOCS}{chapter.1}% 18
\BOOKMARK [2][-]{subsection.1.4.1}{Study of the commercial available options}{section.1.4}% 19
\BOOKMARK [1][-]{section.1.5}{Link Budget}{chapter.1}% 20
\BOOKMARK [2][-]{subsection.1.5.1}{Communications Basics}{section.1.5}% 21
\BOOKMARK [2][-]{subsection.1.5.2}{Propagation losses}{section.1.5}% 22
\BOOKMARK [3][-]{subsubsection.1.5.2.1}{Free Space Losses}{subsection.1.5.2}% 23
\BOOKMARK [3][-]{subsubsection.1.5.2.2}{Atmospheric Losses}{subsection.1.5.2}% 24
\BOOKMARK [3][-]{subsubsection.1.5.2.3}{Pointing Losses}{subsection.1.5.2}% 25
\BOOKMARK [3][-]{subsubsection.1.5.2.4}{Multipath and Fade Margin}{subsection.1.5.2}% 26
\BOOKMARK [2][-]{subsection.1.5.3}{Local Losses}{section.1.5}% 27
\BOOKMARK [3][-]{subsubsection.1.5.3.1}{Equipament Losses}{subsection.1.5.3}% 28
\BOOKMARK [3][-]{subsubsection.1.5.3.2}{Environment Losses}{subsection.1.5.3}% 29
\BOOKMARK [2][-]{subsection.1.5.4}{Modulation Technique}{section.1.5}% 30
\BOOKMARK [2][-]{subsection.1.5.5}{System Noise}{section.1.5}% 31
