\BOOKMARK [1][-]{Doc-Start}{List of Tables}{}% 1
\BOOKMARK [1][-]{Doc-Start}{List of Figures}{}% 2
\BOOKMARK [1][-]{section.1}{Satellite design}{}% 3
\BOOKMARK [2][-]{subsection.1.1}{Structure and mechanics}{section.1}% 4
\BOOKMARK [3][-]{section*.1}{}{subsection.1.1}% 5
\BOOKMARK [4][-]{section*.2}{}{section*.1}% 6
\BOOKMARK [3][-]{subsubsection.1.1.1}{Structure}{subsection.1.1}% 7
\BOOKMARK [4][-]{section*.3}{}{subsubsection.1.1.1}% 8
\BOOKMARK [4][-]{section*.4}{}{subsubsection.1.1.1}% 9
\BOOKMARK [3][-]{subsubsection.1.1.2}{Thermal protection}{subsection.1.1}% 10
\BOOKMARK [4][-]{section*.5}{}{subsubsection.1.1.2}% 11
\BOOKMARK [4][-]{section*.6}{}{subsubsection.1.1.2}% 12
\BOOKMARK [3][-]{subsubsection.1.1.3}{Options chosen for the structure and thermal protection}{subsection.1.1}% 13
\BOOKMARK [4][-]{section*.7}{}{subsubsection.1.1.3}% 14
\BOOKMARK [2][-]{subsection.1.2}{Electrical Power System}{section.1}% 15
\BOOKMARK [3][-]{section*.8}{}{subsection.1.2}% 16
\BOOKMARK [3][-]{subsubsection.1.2.1}{Estimation of the power required}{subsection.1.2}% 17
\BOOKMARK [4][-]{section*.9}{}{subsubsection.1.2.1}% 18
\BOOKMARK [4][-]{section*.10}{}{subsubsection.1.2.1}% 19
\BOOKMARK [3][-]{subsubsection.1.2.2}{Solar arrays}{subsection.1.2}% 20
\BOOKMARK [4][-]{section*.11}{}{subsubsection.1.2.2}% 21
\BOOKMARK [4][-]{section*.12}{}{subsubsection.1.2.2}% 22
\BOOKMARK [3][-]{subsubsection.1.2.3}{Power management system}{subsection.1.2}% 23
\BOOKMARK [4][-]{section*.13}{}{subsubsection.1.2.3}% 24
\BOOKMARK [4][-]{section*.14}{}{subsubsection.1.2.3}% 25
\BOOKMARK [3][-]{subsubsection.1.2.4}{Batteries}{subsection.1.2}% 26
\BOOKMARK [4][-]{section*.15}{}{subsubsection.1.2.4}% 27
\BOOKMARK [4][-]{section*.16}{}{subsubsection.1.2.4}% 28
\BOOKMARK [4][-]{section*.17}{}{subsubsection.1.2.4}% 29
\BOOKMARK [3][-]{subsubsection.1.2.5}{Options chosen for the EPS}{subsection.1.2}% 30
\BOOKMARK [4][-]{section*.18}{}{subsubsection.1.2.5}% 31
\BOOKMARK [2][-]{subsection.1.3}{Propulsion Systems}{section.1}% 32
\BOOKMARK [3][-]{section*.19}{}{subsection.1.3}% 33
\BOOKMARK [4][-]{section*.20}{}{section*.19}% 34
\BOOKMARK [4][-]{section*.21}{}{section*.19}% 35
\BOOKMARK [4][-]{section*.22}{}{section*.19}% 36
\BOOKMARK [4][-]{section*.23}{}{section*.19}% 37
\BOOKMARK [2][-]{subsection.1.4}{Attitude and Orbital Control Systems}{section.1}% 38
\BOOKMARK [3][-]{section*.24}{}{subsection.1.4}% 39
\BOOKMARK [4][-]{section*.25}{}{section*.24}% 40
\BOOKMARK [4][-]{section*.26}{}{section*.24}% 41
\BOOKMARK [3][-]{subsubsection.1.4.1}{Orbital Control}{subsection.1.4}% 42
\BOOKMARK [4][-]{section*.27}{}{subsubsection.1.4.1}% 43
\BOOKMARK [3][-]{subsubsection.1.4.2}{Option chosen for the Attitude and Orbital Control System}{subsection.1.4}% 44
\BOOKMARK [4][-]{section*.28}{Decision}{subsubsection.1.4.2}% 45
\BOOKMARK [1][-]{appendix.A}{Appendices}{}% 46
\BOOKMARK [2][-]{subsection.A.1}{Satellite design}{appendix.A}% 47
\BOOKMARK [2][-]{subsection.A.2}{Structure}{appendix.A}% 48
\BOOKMARK [3][-]{section*.29}{}{subsection.A.2}% 49
\BOOKMARK [4][-]{section*.31}{}{section*.29}% 50
\BOOKMARK [2][-]{subsection.A.3}{Thermal protection}{appendix.A}% 51
\BOOKMARK [3][-]{section*.32}{}{subsection.A.3}% 52
\BOOKMARK [4][-]{section*.33}{}{section*.32}% 53
\BOOKMARK [2][-]{subsection.A.4}{Electrical Power System}{appendix.A}% 54
\BOOKMARK [3][-]{section*.34}{}{subsection.A.4}% 55
\BOOKMARK [4][-]{section*.35}{}{section*.34}% 56
\BOOKMARK [3][-]{subsubsection.A.4.1}{Estimation of the power required}{subsection.A.4}% 57
\BOOKMARK [4][-]{section*.36}{}{subsubsection.A.4.1}% 58
\BOOKMARK [4][-]{section*.37}{}{subsubsection.A.4.1}% 59
\BOOKMARK [3][-]{subsubsection.A.4.2}{Solar arrays}{subsection.A.4}% 60
\BOOKMARK [4][-]{section*.38}{}{subsubsection.A.4.2}% 61
\BOOKMARK [4][-]{section*.39}{}{subsubsection.A.4.2}% 62
\BOOKMARK [4][-]{section*.40}{}{subsubsection.A.4.2}% 63
\BOOKMARK [4][-]{section*.41}{}{subsubsection.A.4.2}% 64
\BOOKMARK [3][-]{subsubsection.A.4.3}{Power management system}{subsection.A.4}% 65
\BOOKMARK [4][-]{section*.42}{}{subsubsection.A.4.3}% 66
\BOOKMARK [4][-]{section*.43}{}{subsubsection.A.4.3}% 67
\BOOKMARK [4][-]{section*.44}{}{subsubsection.A.4.3}% 68
\BOOKMARK [4][-]{section*.45}{}{subsubsection.A.4.3}% 69
\BOOKMARK [4][-]{section*.46}{}{subsubsection.A.4.3}% 70
\BOOKMARK [4][-]{section*.47}{}{subsubsection.A.4.3}% 71
\BOOKMARK [3][-]{subsubsection.A.4.4}{Batteries}{subsection.A.4}% 72
\BOOKMARK [4][-]{section*.48}{}{subsubsection.A.4.4}% 73
\BOOKMARK [4][-]{section*.49}{}{subsubsection.A.4.4}% 74
\BOOKMARK [4][-]{section*.50}{}{subsubsection.A.4.4}% 75
\BOOKMARK [4][-]{section*.51}{}{subsubsection.A.4.4}% 76
\BOOKMARK [3][-]{subsubsection.A.4.5}{Study of the commercial available options and options chosen}{subsection.A.4}% 77
\BOOKMARK [4][-]{section*.52}{}{subsubsection.A.4.5}% 78
\BOOKMARK [4][-]{section*.53}{}{subsubsection.A.4.5}% 79
