\BOOKMARK [0][-]{section*.1}{List of Tables}{}% 1
\BOOKMARK [0][-]{section*.2}{List of Figures}{}% 2
\BOOKMARK [-1][-]{part.1}{I Satellite design}{}% 3
\BOOKMARK [0][-]{chapter.1}{Satellite design}{part.1}% 4
\BOOKMARK [1][-]{section.1.1}{Structure and mechanics}{chapter.1}% 5
\BOOKMARK [2][-]{subsection.1.1.1}{Structure}{section.1.1}% 6
\BOOKMARK [2][-]{subsection.1.1.2}{Thermal protection}{section.1.1}% 7
\BOOKMARK [2][-]{subsection.1.1.3}{Options chosen for the structure and thermal protection}{section.1.1}% 8
\BOOKMARK [1][-]{section.1.2}{Electrical Power System}{chapter.1}% 9
\BOOKMARK [2][-]{subsection.1.2.1}{Estimation of the power required}{section.1.2}% 10
\BOOKMARK [2][-]{subsection.1.2.2}{Solar arrays}{section.1.2}% 11
\BOOKMARK [2][-]{subsection.1.2.3}{Power management system}{section.1.2}% 12
\BOOKMARK [2][-]{subsection.1.2.4}{Batteries}{section.1.2}% 13
\BOOKMARK [2][-]{subsection.1.2.5}{Options chosen for the EPS}{section.1.2}% 14
\BOOKMARK [1][-]{section.1.3}{Propulsion Systems}{chapter.1}% 15
\BOOKMARK [1][-]{section.1.4}{Attitude and Orbital Control Systems}{chapter.1}% 16
\BOOKMARK [2][-]{subsection.1.4.1}{Orbital Control}{section.1.4}% 17
\BOOKMARK [1][-]{section.1.5}{Payload}{chapter.1}% 18
\BOOKMARK [2][-]{subsection.1.5.1}{Antennas}{section.1.5}% 19
\BOOKMARK [3][-]{subsubsection.1.5.1.1}{Patch antenna}{subsection.1.5.1}% 20
\BOOKMARK [2][-]{subsection.1.5.2}{Payload Data Handling Systems}{section.1.5}% 21
\BOOKMARK [3][-]{subsubsection.1.5.2.1}{Transceivers}{subsection.1.5.2}% 22
\BOOKMARK [2][-]{subsection.1.5.3}{Options chosen for the payload module}{section.1.5}% 23
\BOOKMARK [1][-]{section.1.6}{Communication module}{chapter.1}% 24
\BOOKMARK [1][-]{section.1.7}{Astrea satellite final configuration}{chapter.1}% 25
\BOOKMARK [1][-]{section.1.8}{Budget}{chapter.1}% 26
